0 info it worked if it ends with ok
1 verbose cli [ 'C:\\laragon\\bin\\nodejs\\node-v8\\node.exe',
1 verbose cli   'C:\\Users\\DESARROLLADOR.DTMP_2016-001\\AppData\\Roaming\\npm\\node_modules\\npm\\bin\\npm-cli.js',
1 verbose cli   'run',
1 verbose cli   'build' ]
2 info using npm@3.7.3
3 info using node@v8.9.1
4 verbose run-script [ 'prebuild', 'build', 'postbuild' ]
5 info lifecycle @~prebuild: @
6 silly lifecycle @~prebuild: no script for prebuild, continuing
7 info lifecycle @~build: @
8 verbose lifecycle @~build: unsafe-perm in lifecycle true
9 verbose lifecycle @~build: PATH: C:\Users\DESARROLLADOR.DTMP_2016-001\AppData\Roaming\npm\node_modules\npm\bin\node-gyp-bin;C:\laragon\www\tbjjp\node_modules\.bin;C:\laragon\bin\nodejs\node-v8;C:\Users\DESARROLLADOR.DTMP_2016-001\AppData\Local\Yarn\config\global\node_modules\.bin;C:\Users\DESARROLLADOR.DTMP_2016-001\AppData\Roaming\npm;C:\Users\DESARROLLADOR.DTMP_2016-001\AppData\Roaming\Composer\vendor\bin;;C:\laragon\bin\laragon\utils;C:\laragon\bin\mysql\mysql-5.7.19-winx64\bin;C:\laragon\bin\php\php-5.6.32-Win32-VC11-x64;C:\laragon\bin\composer;C:\laragon\bin\apache\httpd-2.4.27-win64-VC14\bin;C:\laragon\bin\redis\redis-x64-3.2.100;C:\laragon\bin\nodejs\node-v8;C:\laragon\bin\yarn\bin;C:\laragon\bin\nginx\nginx-1.12.0;C:\laragon\bin\notepad++;C:\laragon\bin\telnet;C:\laragon\bin\ngrok;C:\laragon\bin\git\bin;C:\laragon\bin\git\cmd;C:\laragon\bin\git\usr\bin;C:\laragon\bin\git\mingw64\bin;C:\laragon\bin;C:\laragon\usr\bin;C:\laragon\bin\putty;C:\laragon\bin\cmder\bin;C:\laragon\bin\cmder\vendor\conemu-maximus5\ConEmu\Scripts;C:\Users\DESARROLLADOR.DTMP_2016-001\AppData\Local\Yarn\config\global\node_modules\.bin;C:\Users\DESARROLLADOR.DTMP_2016-001\AppData\Roaming\npm;C:\Users\DESARROLLADOR.DTMP_2016-001\AppData\Roaming\Composer\vendor\bin;;C:\laragon\bin\laragon\utils;C:\laragon\bin\mysql\mysql-5.7.19-winx64\bin;C:\laragon\bin\php\php-5.6.32-Win32-VC11-x64;C:\laragon\bin\composer;C:\laragon\bin\apache\httpd-2.4.27-win64-VC14\bin;C:\laragon\bin\redis\redis-x64-3.2.100;C:\laragon\bin\nodejs\node-v8;C:\laragon\bin\yarn\bin;C:\laragon\bin\nginx\nginx-1.12.0;C:\laragon\bin\notepad++;C:\laragon\bin\telnet;C:\laragon\bin\ngrok;C:\laragon\bin\git\bin;C:\laragon\bin\git\cmd;C:\laragon\bin\git\usr\bin;C:\laragon\bin\git\mingw64\bin;C:\laragon\bin;C:\laragon\usr\bin;C:\laragon\bin\putty;C:\laragon\bin\cmder\bin;C:\laragon\bin\cmder\vendor\conemu-maximus5\ConEmu\Scripts;C:\laragon\bin\cmder\vendor\conemu-maximus5;C:\laragon\bin\cmder\vendor\conemu-maximus5\ConEmu;C:\ProgramData\Oracle\Java\javapath;C:\Perl64\site\bin;C:\Perl64\bin;C:\Program Files (x86)\ActiveState Komodo Edit 9\;C:\Python27\;C:\Python27\Scripts;C:\Program Files (x86)\Intel\iCLS Client\;C:\Program Files\Intel\iCLS Client\;C:\Windows\system32;C:\Windows;C:\Windows\System32\Wbem;C:\Windows\System32\WindowsPowerShell\v1.0\;C:\Program Files\Intel\Intel(R) Management Engine Components\DAL;C:\Program Files\Intel\Intel(R) Management Engine Components\IPT;C:\Program Files (x86)\Intel\Intel(R) Management Engine Components\DAL;C:\Program Files (x86)\Intel\Intel(R) Management Engine Components\IPT;C:\Program Files (x86)\Windows Live\Shared;C:\Program Files (x86)\NVIDIA Corporation\PhysX\Common;C:\Program Files\Git\cmd;C:\xampp\php;C:\ProgramData\ComposerSetup\bin;C:\WINDOWS\system32;C:\WINDOWS;C:\WINDOWS\System32\Wbem;C:\WINDOWS\System32\WindowsPowerShell\v1.0\;C:\Program Files\Git\bin;C:\Program Files\Eclipse Che\eclipse-che-4.0.0-beta-13\tools\jre\bin;C:\Program Files (x86)\Heroku\bin;C:\Program Files (x86)\git\cmd;C:\Program Files (x86)\Git\cmd;C:\php\pear.bat;C:\Program Files\nodejs\;C:\xampp\mysql\bin;C:\Program Files\MySQL\MySQL Utilities 1.6\;C:\Program Files (x86)\Skype\Phone\;C:\HashiCorp\Vagrant\bin;C:\Users\DESARROLLADOR.DTMP_2016-001\AppData\Local\Programs\Python\Python35-32\Scripts\;C:\Users\DESARROLLADOR.DTMP_2016-001\AppData\Local\Programs\Python\Python35-32\;C:\xampp\php;C:\Users\DESARROLLADOR.DTMP_2016-001\AppData\Roaming\Composer\vendor\bin;C:\Program Files\Sublime Text 3;C:\Program Files\Docker Toolbox;C:\Program Files (x86)\Microsoft VS Code\bin;C:\Users\DESARROLLADOR.DTMP_2016-001\AppData\Roaming\npm;C:\Users\DESARROLLADOR.DTMP_2016-001\AppData\Local\Microsoft\WindowsApps;C:\Users\DESARROLLADOR.DTMP_2016-001\AppData\Local\atom\bin;%USERPROFILE%\AppData\Local\Microsoft\WindowsApps;;C:\Program Files\Git\usr\bin;C:\Program Files\Git\usr\share\vim\vim74;C:\laragon\bin\cmder\;;C:\laragon\bin\cmder\..\git\usr\bin;C:\laragon\bin\cmder\..\git\usr\share\vim\vim74;C:\laragon\bin\cmder\;
10 verbose lifecycle @~build: CWD: C:\laragon\www\tbjjp
11 silly lifecycle @~build: Args: [ '/d /s /c', 'webpack --progress' ]
12 silly lifecycle @~build: Returned: code: 2  signal: null
13 info lifecycle @~build: Failed to exec build script
14 verbose stack Error: @ build: `webpack --progress`
14 verbose stack Exit status 2
14 verbose stack     at EventEmitter.<anonymous> (C:\Users\DESARROLLADOR.DTMP_2016-001\AppData\Roaming\npm\node_modules\npm\lib\utils\lifecycle.js:239:16)
14 verbose stack     at emitTwo (events.js:126:13)
14 verbose stack     at EventEmitter.emit (events.js:214:7)
14 verbose stack     at ChildProcess.<anonymous> (C:\Users\DESARROLLADOR.DTMP_2016-001\AppData\Roaming\npm\node_modules\npm\lib\utils\spawn.js:24:14)
14 verbose stack     at emitTwo (events.js:126:13)
14 verbose stack     at ChildProcess.emit (events.js:214:7)
14 verbose stack     at maybeClose (internal/child_process.js:925:16)
14 verbose stack     at Process.ChildProcess._handle.onexit (internal/child_process.js:209:5)
15 verbose pkgid @
16 verbose cwd C:\laragon\www\tbjjp
17 error Windows_NT 10.0.15063
18 error argv "C:\\laragon\\bin\\nodejs\\node-v8\\node.exe" "C:\\Users\\DESARROLLADOR.DTMP_2016-001\\AppData\\Roaming\\npm\\node_modules\\npm\\bin\\npm-cli.js" "run" "build"
19 error node v8.9.1
20 error npm  v3.7.3
21 error code ELIFECYCLE
22 error @ build: `webpack --progress`
22 error Exit status 2
23 error Failed at the @ build script 'webpack --progress'.
23 error Make sure you have the latest version of node.js and npm installed.
23 error If you do, this is most likely a problem with the  package,
23 error not with npm itself.
23 error Tell the author that this fails on your system:
23 error     webpack --progress
23 error You can get information on how to open an issue for this project with:
23 error     npm bugs
23 error Or if that isn't available, you can get their info via:
23 error     npm owner ls
23 error There is likely additional logging output above.
24 verbose exit [ 1, true ]
